
Date: 2025-08-22

Date: 2025-08-21
actions/rm/common/rm-common.actions.ts
actions/rm/db/rm-db.actions.ts
actions/rm/demand/rm-demand-summary.actions.ts
actions/rm/direct-assign/rm-assignments.actions.ts
actions/rm/home/rm-project-header.actions.ts
components/rm/demand/rm-demand-summary.component.ts
components/rm/direct-assign/rm-assignments.component.ts
components/rm/home/rm-assignment-notifications.component.ts
components/rm/home/rm-project-header.component.ts
data/rm/rm-database.data.ts
data/rm/rm-smoke.xlsx
global-setup.ts
package.json
pages/create-intake.page.ts
pages/header.page.ts
pages/login.page.ts
playwright.config.ts
src/actions/login/form-login.component.ts
src/actions/rm/common/rm-common.actions.ts
src/actions/rm/db/rm-db.actions.ts
src/actions/rm/demand/rm-demand-management.actions.ts
src/actions/rm/demand/rm-demand-summary.actions.ts
src/actions/rm/direct-assign/rm-assignments.actions.ts
src/actions/rm/home/rm-assignment-notifications.actions.ts
src/actions/rm/home/rm-filter-criteria.actions.ts
src/actions/rm/home/rm-home.actions.ts
src/actions/rm/home/rm-hr-actions.actions.ts
src/actions/rm/home/rm-my-pools.actions.ts
src/actions/rm/home/rm-my-requests.actions.ts
src/actions/rm/home/rm-project-header.actions.ts
src/actions/rm/login/rm-login.actions.ts
src/actions/rm/navigation/rm-header.actions.ts
src/actions/rm/navigation/rm-side-bar.actions.ts
src/actions/rm/requests/rm-profile-criteria.actions.ts
src/actions/rm/requests/rm-request-filter-criteria.actions.ts
src/actions/rm/requests/rm-review-and-assign.actions.ts
src/components/login/form-login.component.ts
src/components/rm/common/rm-common.component.ts
src/components/rm/demand/rm-demand-management.component.ts
src/components/rm/demand/rm-demand-summary.component.ts
src/components/rm/direct-assign/rm-assignments.component.ts
src/components/rm/header/rm-header.component.ts
src/components/rm/home/rm-assignment-notifications.component.ts
src/components/rm/home/rm-filter-criteria.component.ts
src/components/rm/home/rm-home.component.ts
src/components/rm/home/rm-hr-actions.component.ts
src/components/rm/home/rm-my-pools.component.ts
src/components/rm/home/rm-my-projects.component.ts
src/components/rm/home/rm-my-requests.component.ts
src/components/rm/home/rm-project-header.component.ts
src/components/rm/login/rm-login.component.ts
src/components/rm/requests/rm-profile-criteria.component.ts
src/components/rm/requests/rm-requests-filter-criteria.component.ts
src/components/rm/requests/rm-review-and-assign.component.ts
src/components/rm/side-bar/rm-side-bar.component.ts
src/fixtures/actions.fixture.ts
src/fixtures/components.fixture.ts
src/fixtures/pages.fixture.ts
src/helpers/data.helper.ts
src/helpers/utils.helper.ts
src/pages/login.page.ts
src/pages/rm/rm-home.page.ts
src/tests/e2e/rm/rm-sanity-test.spec.ts
src/tests/e2e/rm/rm-smoke-test.spec.ts
src/utils/config.ts
src/utils/database.ts
src/utils/excel.ts
src/utils/json.ts
src/utils/locator-factory.ts
src/utils/logger.ts
src/utils/playwright-extension.ts
src/utils/report.ts
src/utils/screenshot-util.ts
src/utils/session-data.ts
src/utils/string.util.ts
src/utils/testdata-loader.ts
utils/config.ts
utils/session-data.ts

Date: 2025-07-10
tests/e2e/rm/example.spec.ts
actions/intake/create-intake.ts
actions/navigation/header-navigation.ts
components/header/header-navigation.ts
components/header/nav-header.ts
components/intake/create-intake.ts
data/intake/create-intake.ts
tests-examples/demo-todo-app.spec.ts
tests/api/login-service/login-admin.spec.ts
tests/e2e/create-intake.spec.ts
tests/e2e/login.spec.ts
tests/performance/k6/order.ts
tests/performance/lighthouse/page-loading.ts
tests/ui/order-page.spec.ts
tests/visual/order-page.spec.ts
.gitignore
.gitignore
.env

Date: 2025-07-08
.env
.gitignore
actions/rm/common/rm-common.actions.ts
actions/rm/db/rm-db.actions.ts
actions/rm/demand/rm-demand-management.actions.ts
actions/rm/demand/rm-demand-summary.actions.ts
actions/rm/direct-assign/rm-assignments.actions.ts
actions/rm/home/rm-filter-criteria.actions.ts
actions/rm/home/rm-home.actions.ts
actions/rm/home/rm-hr-actions.actions.ts
actions/rm/home/rm-my-pools.actions.ts
actions/rm/home/rm-my-requests.actions.ts
actions/rm/home/rm-project-header.actions.ts
actions/rm/navigation/rm-header.actions.ts
actions/rm/navigation/rm-side-bar.actions.ts
actions/rm/requests/rm-request-filter-criteria.actions.ts
actions/rm/requests/rm-review-and-assign.actions.ts
components/rm/common/rm-common.component.ts
components/rm/demand/rm-demand-management.component.ts
components/rm/demand/rm-demand-summary.component.ts
components/rm/direct-assign/rm-assignments.component.ts
components/rm/header/rm-header.component.ts
components/rm/home/rm-assignment-notifications.component.ts
components/rm/home/rm-filter-criteria.component.ts
components/rm/home/rm-home.component.ts
components/rm/home/rm-hr-actions.component.ts
components/rm/home/rm-my-pools.component.ts
components/rm/home/rm-my-projects.component.ts
components/rm/home/rm-my-requests.component.ts
components/rm/home/rm-project-header.component.ts
components/rm/requests/rm-requests-filter-criteria.component.ts
components/rm/requests/rm-review-and-assign.component.ts
components/rm/side-bar/rm-side-bar.component.ts
fixtures/actions.fixture.ts
fixtures/components.fixture.ts
fixtures/pages.fixture.ts
global-setup.ts
package-lock.json
package.json
pages/rm/rm-home.page.ts
playwright.config.ts
tests/e2e/rm/example.spec.ts
tests/e2e/rm/rm-sanity-test.spec.ts
tests/example.spec.ts
utils/database.ts

Date: 2025-05-28
actions/intake/create-intake.ts
actions/navigation/header-navigation.ts
components/header/header-navigation.ts
components/intake/create-intake.ts
components/login/form-login.ts
data/intake/create-intake.ts
fixtures/actions.fixture.ts
fixtures/components.fixture.ts
package-lock.json
package.json
pages/create-intake.page.ts
playwright.config.ts
tests/e2e/create-intake.spec.ts
utils/config.ts
utils/session-data.ts

Date: 2025-04-28
.env
.gitignore
.husky/_/.gitignore
.husky/_/husky.sh
README.md
_docs/readme
components/header/nav-header.ts
components/login/form-login.ts
global-setup.ts
package-lock.json
package.json
pages/header.page.ts
pages/login.page.ts
playwright.config.ts
tests-examples/demo-todo-app.spec.ts
tests/api/login-service/login-admin.spec.ts
tests/e2e/login.spec.ts
tests/example.spec.ts
tests/performance/k6/order.ts
tests/performance/lighthouse/page-loading.ts
tests/ui/order-page.spec.ts
tests/visual/order-page.spec.ts

Date: 2025-03-20
README.md
